GET /api/persons/ 304 - - 3.162 ms{}
GET /favicon.ico 404 150 - 2.698 ms{}
GET /api/persons 200 223 - 0.723 ms{}
POST /api/persons 200 52 - 0.649 ms{"name":"el tirillas","number":"12321888"}
GET /api/persons/ 200 276 - 0.386 ms{}
DELETE /api/persons/7237 204 - - 0.470 ms{}
POST /api/persons 200 51 - 0.346 ms{"name":"el tirillas","number":"2123123"}
PUT /api/persons/5185 404 155 - 0.257 ms{"id":5185,"name":"el tirillas","number":"2131231"}
GET /api/persons 200 275 - 0.555 ms{}
GET /api/persons 304 - - 0.439 ms{}
GET /api/persons 304 - - 0.653 ms{}
GET /api/persons 304 - - 0.570 ms{}
GET /api/persons/ 200 275 - 0.443 ms{}
PUT /api/persons/5185 404 155 - 0.390 ms{"id":5185,"name":"el tirillas","number":"12312313"}
GET /api/persons 304 - - 0.631 ms{}
GET /api/persons/ 304 - - 0.327 ms{}
GET /api/persons 304 - - 0.660 ms{}
GET /api/persons 200 223 - 3.705 ms{}
GET /api/persons 304 - - 4.117 ms{}
GET /api/persons/ 200 223 - 1.271 ms{}
POST /api/persons 200 52 - 0.358 ms{"name":"el tirillas","number":"12132131"}
PUT /api/persons/9281 404 155 - 1.417 ms{"id":9281,"name":"el tirillas","number":"123123123123111"}
POST /api/persons 400 37 - 0.248 ms{"name":"el tirillas","number":""}
POST /api/persons 400 31 - 0.275 ms{"name":"el tirillas","number":"121221211199888"}
GET /api/persons 200 276 - 0.446 ms{}
DELETE /api/persons/9281 204 - - 0.263 ms{}
POST /api/persons 200 56 - 0.199 ms{"name":"el tirillas","number":"123123128888"}
PUT /api/persons/7126 404 155 - 0.430 ms{"id":7126,"name":"el tirillas","number":"12312111111"}
GET /api/persons 200 280 - 0.298 ms{}
GET /api/persons 304 - - 0.578 ms{}
GET /api/persons/ 200 280 - 0.342 ms{}
POST /api/persons 200 56 - 0.504 ms{"name":"el tirillas2","number":"12312313231"}
POST /api/persons 200 52 - 0.197 ms{"name":"John Doe","number":"123-4567890"}
GET /api/persons 200 390 - 0.368 ms{}
GET /api/persons/ 200 390 - 0.935 ms{}
GET /api/persons 304 - - 0.454 ms{}
GET /api/persons 304 - - 0.421 ms{}
POST /api/persons 200 48 - 0.223 ms{"name":"el loco","number":"12431324"}
GET /api/persons 200 439 - 0.683 ms{}
GET /api/persons/ 200 223 - 4.507 ms{}
GET /favicon.ico 404 150 - 6.185 ms{}
